<?xml version="1.0" encoding="UTF-8"?>
<!-- Generated by org.testng.reporters.JUnitXMLReporter -->
<testsuite ignored="0" hostname="DESKTOP-E8E14BD" failures="0" tests="3" name="Default test" time="86.123" errors="0" timestamp="2022-12-06T13:59:49 IST">
  <testcase classname="driver.DriverScript" name="runTestScripts" time="20.262"/>
  <testcase classname="driver.DriverScript" name="runTestScripts" time="23.5"/>
  <testcase classname="driver.DriverScript" name="runTestScripts" time="41.128"/>
</testsuite> <!-- Default test -->
