<?xml version="1.0" encoding="UTF-8"?>
<testng-results ignored="0" total="3" passed="3" failed="0" skipped="0">
  <reporter-output>
  </reporter-output>
  <suite started-at="2022-12-06T13:58:23 IST" name="Default suite" finished-at="2022-12-06T13:59:49 IST" duration-ms="86123">
    <groups>
    </groups>
    <test started-at="2022-12-06T13:58:23 IST" name="Default test" finished-at="2022-12-06T13:59:49 IST" duration-ms="86123">
      <class name="driver.DriverScript">
        <test-method is-config="true" signature="loadClasses()[pri:0, instance:driver.DriverScript@66f57048]" started-at="2022-12-06T13:58:23 IST" name="loadClasses" finished-at="2022-12-06T13:58:23 IST" duration-ms="370" status="PASS">
          <reporter-output>
          </reporter-output>
        </test-method> <!-- loadClasses -->
        <test-method signature="runTestScripts(java.util.Map)[pri:0, instance:driver.DriverScript@66f57048]" started-at="2022-12-06T13:58:24 IST" name="runTestScripts" data-provider="testData" finished-at="2022-12-06T13:58:45 IST" duration-ms="20262" status="PASS">
          <params>
            <param index="0">
              <value>
                <![CDATA[{ExecuteTest=Yes, ClassName=testScripts.UserModuleScripts, TestCaseID=TC_101, ModuleName=UserModule, ScriptName=TS_LoginLogout}]]>
              </value>
            </param>
          </params>
          <reporter-output>
          </reporter-output>
        </test-method> <!-- runTestScripts -->
        <test-method signature="runTestScripts(java.util.Map)[pri:0, instance:driver.DriverScript@66f57048]" started-at="2022-12-06T13:58:45 IST" name="runTestScripts" data-provider="testData" finished-at="2022-12-06T13:59:08 IST" duration-ms="23500" status="PASS">
          <params>
            <param index="0">
              <value>
                <![CDATA[{ExecuteTest=Yes, ClassName=testScripts.UserModuleScripts, TestCaseID=TC_102, ModuleName=UserModule, ScriptName=TS_createandDeleteUser}]]>
              </value>
            </param>
          </params>
          <reporter-output>
          </reporter-output>
        </test-method> <!-- runTestScripts -->
        <test-method signature="runTestScripts(java.util.Map)[pri:0, instance:driver.DriverScript@66f57048]" started-at="2022-12-06T13:59:08 IST" name="runTestScripts" data-provider="testData" finished-at="2022-12-06T13:59:49 IST" duration-ms="41128" status="PASS">
          <params>
            <param index="0">
              <value>
                <![CDATA[{ExecuteTest=Yes, ClassName=testScripts.UserModuleScripts, TestCaseID=TC_103, ModuleName=UserModule, ScriptName=TS_createUser_LoginWithNewUser_DeleteUser}]]>
              </value>
            </param>
          </params>
          <reporter-output>
          </reporter-output>
        </test-method> <!-- runTestScripts -->
      </class> <!-- driver.DriverScript -->
    </test> <!-- Default test -->
  </suite> <!-- Default suite -->
</testng-results>
